[2025-10-20 00:06:32] Starting EventiCRO database backup...
[2025-10-20 00:06:32] Backup completed successfully: /home/admin/backups/eventicro/eventicro_20251020_000632.sql.gz (2276 bytes)
[2025-10-20 00:06:32] Cleaning up backups older than 30 days...
[2025-10-20 00:06:32] Remaining backups: 1
[2025-10-20 00:06:32] Metrics exported to /var/lib/node_exporter/textfile_collector/backup_eventicro.prom
[2025-10-20 00:06:32] Backup process completed.
[2025-10-24 12:41:32] Starting EventiCRO database backup...
[2025-10-24 12:41:32] Backup completed successfully: /home/admin/backups/eventicro/eventicro_20251024_124132.sql.gz (2358 bytes)
[2025-10-24 12:41:32] Cleaning up backups older than 30 days...
[2025-10-24 12:41:32] Remaining backups: 2
[2025-10-24 12:41:32] Metrics exported to /var/lib/node_exporter/textfile_collector/backup_eventicro.prom
[2025-10-24 12:41:32] Backup process completed.
[2025-10-24 12:42:25] Starting EventiCRO database backup...
[2025-10-24 12:42:25] Backup completed successfully: /home/admin/backups/eventicro/eventicro_20251024_124225.sql.gz (2359 bytes)
[2025-10-24 12:42:25] Cleaning up backups older than 30 days...
[2025-10-24 12:42:25] Remaining backups: 3
[2025-10-24 12:42:25] Metrics exported to /var/lib/node_exporter/textfile_collector/backup_eventicro.prom
[2025-10-24 12:42:25] Backup process completed.
[2025-10-25 02:30:01] Starting EventiCRO database backup...
[2025-10-25 02:30:01] Backup completed successfully: /home/admin/backups/eventicro/eventicro_20251025_023001.sql.gz (2360 bytes)
[2025-10-25 02:30:01] Cleaning up backups older than 30 days...
[2025-10-25 02:30:01] Remaining backups: 4
[2025-10-25 02:30:01] Metrics exported to /var/lib/node_exporter/textfile_collector/backup_eventicro.prom
[2025-10-25 02:30:01] Backup process completed.
[2025-10-26 02:30:01] Starting EventiCRO database backup...
[2025-10-26 02:30:02] Backup completed successfully: /home/admin/backups/eventicro/eventicro_20251026_023001.sql.gz (2359 bytes)
[2025-10-26 02:30:02] Cleaning up backups older than 30 days...
[2025-10-26 02:30:02] Remaining backups: 5
[2025-10-26 02:30:02] Metrics exported to /var/lib/node_exporter/textfile_collector/backup_eventicro.prom
[2025-10-26 02:30:02] Backup process completed.
[2025-10-27 02:30:01] Starting EventiCRO database backup...
[2025-10-27 02:30:02] Backup completed successfully: /home/admin/backups/eventicro/eventicro_20251027_023001.sql.gz (2361 bytes)
[2025-10-27 02:30:02] Cleaning up backups older than 30 days...
[2025-10-27 02:30:02] Remaining backups: 6
[2025-10-27 02:30:02] Metrics exported to /var/lib/node_exporter/textfile_collector/backup_eventicro.prom
[2025-10-27 02:30:02] Backup process completed.
[2025-10-28 02:30:01] Starting EventiCRO database backup...
[2025-10-28 02:30:01] Backup completed successfully: /home/admin/backups/eventicro/eventicro_20251028_023001.sql.gz (2358 bytes)
[2025-10-28 02:30:01] Cleaning up backups older than 30 days...
[2025-10-28 02:30:01] Remaining backups: 7
[2025-10-28 02:30:01] Metrics exported to /var/lib/node_exporter/textfile_collector/backup_eventicro.prom
[2025-10-28 02:30:01] Backup process completed.
[2025-10-29 02:30:01] Starting EventiCRO database backup...
[2025-10-29 02:30:01] Backup completed successfully: /home/admin/backups/eventicro/eventicro_20251029_023001.sql.gz (2358 bytes)
[2025-10-29 02:30:01] Cleaning up backups older than 30 days...
[2025-10-29 02:30:01] Remaining backups: 8
[2025-10-29 02:30:01] Metrics exported to /var/lib/node_exporter/textfile_collector/backup_eventicro.prom
[2025-10-29 02:30:01] Backup process completed.
[2025-10-30 02:30:01] Starting EventiCRO database backup...
[2025-10-30 02:30:01] Backup completed successfully: /home/admin/backups/eventicro/eventicro_20251030_023001.sql.gz (2358 bytes)
[2025-10-30 02:30:01] Cleaning up backups older than 30 days...
[2025-10-30 02:30:01] Remaining backups: 9
[2025-10-30 02:30:01] Metrics exported to /var/lib/node_exporter/textfile_collector/backup_eventicro.prom
[2025-10-30 02:30:01] Backup process completed.
[2025-10-31 02:30:01] Starting EventiCRO database backup...
[2025-10-31 02:30:02] Backup completed successfully: /home/admin/backups/eventicro/eventicro_20251031_023001.sql.gz (2359 bytes)
[2025-10-31 02:30:02] Cleaning up backups older than 30 days...
[2025-10-31 02:30:02] Remaining backups: 10
[2025-10-31 02:30:02] Metrics exported to /var/lib/node_exporter/textfile_collector/backup_eventicro.prom
[2025-10-31 02:30:02] Backup process completed.
[2025-11-01 02:30:01] Starting EventiCRO database backup...
[2025-11-01 02:30:02] Backup completed successfully: /home/admin/backups/eventicro/eventicro_20251101_023001.sql.gz (2359 bytes)
[2025-11-01 02:30:02] Cleaning up backups older than 30 days...
[2025-11-01 02:30:02] Remaining backups: 11
[2025-11-01 02:30:02] Metrics exported to /var/lib/node_exporter/textfile_collector/backup_eventicro.prom
[2025-11-01 02:30:02] Backup process completed.
[2025-11-02 02:30:01] Starting EventiCRO database backup...
[2025-11-02 02:30:01] Backup completed successfully: /home/admin/backups/eventicro/eventicro_20251102_023001.sql.gz (2358 bytes)
[2025-11-02 02:30:01] Cleaning up backups older than 30 days...
[2025-11-02 02:30:01] Remaining backups: 12
[2025-11-02 02:30:01] Metrics exported to /var/lib/node_exporter/textfile_collector/backup_eventicro.prom
[2025-11-02 02:30:01] Backup process completed.
[2025-11-03 02:30:01] Starting EventiCRO database backup...
[2025-11-03 02:30:01] Backup completed successfully: /home/admin/backups/eventicro/eventicro_20251103_023001.sql.gz (2358 bytes)
[2025-11-03 02:30:01] Cleaning up backups older than 30 days...
[2025-11-03 02:30:01] Remaining backups: 13
[2025-11-03 02:30:01] Metrics exported to /var/lib/node_exporter/textfile_collector/backup_eventicro.prom
[2025-11-03 02:30:01] Backup process completed.
[2025-11-04 02:30:01] Starting EventiCRO database backup...
[2025-11-04 02:30:02] Backup completed successfully: /home/admin/backups/eventicro/eventicro_20251104_023001.sql.gz (2359 bytes)
[2025-11-04 02:30:02] Cleaning up backups older than 30 days...
[2025-11-04 02:30:02] Remaining backups: 14
[2025-11-04 02:30:02] Metrics exported to /var/lib/node_exporter/textfile_collector/backup_eventicro.prom
[2025-11-04 02:30:02] Backup process completed.
[2025-11-05 02:30:01] Starting EventiCRO database backup...
[2025-11-05 02:30:01] Backup completed successfully: /home/admin/backups/eventicro/eventicro_20251105_023001.sql.gz (2358 bytes)
[2025-11-05 02:30:01] Cleaning up backups older than 30 days...
[2025-11-05 02:30:01] Remaining backups: 15
[2025-11-05 02:30:01] Metrics exported to /var/lib/node_exporter/textfile_collector/backup_eventicro.prom
[2025-11-05 02:30:01] Backup process completed.
[2025-11-06 02:30:01] Starting EventiCRO database backup...
[2025-11-06 02:30:01] Backup completed successfully: /home/admin/backups/eventicro/eventicro_20251106_023001.sql.gz (2359 bytes)
[2025-11-06 02:30:01] Cleaning up backups older than 30 days...
[2025-11-06 02:30:01] Remaining backups: 16
[2025-11-06 02:30:01] Metrics exported to /var/lib/node_exporter/textfile_collector/backup_eventicro.prom
[2025-11-06 02:30:01] Backup process completed.
[2025-11-07 02:30:01] Starting EventiCRO database backup...
[2025-11-07 02:30:02] Backup completed successfully: /home/admin/backups/eventicro/eventicro_20251107_023001.sql.gz (2360 bytes)
[2025-11-07 02:30:02] Cleaning up backups older than 30 days...
[2025-11-07 02:30:02] Remaining backups: 17
[2025-11-07 02:30:02] Metrics exported to /var/lib/node_exporter/textfile_collector/backup_eventicro.prom
[2025-11-07 02:30:02] Backup process completed.
[2025-11-08 02:30:01] Starting EventiCRO database backup...
[2025-11-08 02:30:01] Backup completed successfully: /home/admin/backups/eventicro/eventicro_20251108_023001.sql.gz (2360 bytes)
[2025-11-08 02:30:01] Cleaning up backups older than 30 days...
[2025-11-08 02:30:01] Remaining backups: 18
[2025-11-08 02:30:01] Metrics exported to /var/lib/node_exporter/textfile_collector/backup_eventicro.prom
[2025-11-08 02:30:01] Backup process completed.
[2025-11-09 02:30:01] Starting EventiCRO database backup...
[2025-11-09 02:30:01] Backup completed successfully: /home/admin/backups/eventicro/eventicro_20251109_023001.sql.gz (2358 bytes)
[2025-11-09 02:30:01] Cleaning up backups older than 30 days...
[2025-11-09 02:30:01] Remaining backups: 19
[2025-11-09 02:30:01] Metrics exported to /var/lib/node_exporter/textfile_collector/backup_eventicro.prom
[2025-11-09 02:30:01] Backup process completed.
[2025-11-10 02:30:01] Starting EventiCRO database backup...
[2025-11-10 02:30:01] Backup completed successfully: /home/admin/backups/eventicro/eventicro_20251110_023001.sql.gz (2359 bytes)
[2025-11-10 02:30:01] Cleaning up backups older than 30 days...
[2025-11-10 02:30:01] Remaining backups: 20
[2025-11-10 02:30:01] Metrics exported to /var/lib/node_exporter/textfile_collector/backup_eventicro.prom
[2025-11-10 02:30:01] Backup process completed.
[2025-11-11 02:30:01] Starting EventiCRO database backup...
[2025-11-11 02:30:02] Backup completed successfully: /home/admin/backups/eventicro/eventicro_20251111_023001.sql.gz (2358 bytes)
[2025-11-11 02:30:02] Cleaning up backups older than 30 days...
[2025-11-11 02:30:02] Remaining backups: 21
[2025-11-11 02:30:02] Metrics exported to /var/lib/node_exporter/textfile_collector/backup_eventicro.prom
[2025-11-11 02:30:02] Backup process completed.
[2025-11-12 02:30:01] Starting EventiCRO database backup...
[2025-11-12 02:30:01] Backup completed successfully: /home/admin/backups/eventicro/eventicro_20251112_023001.sql.gz (2357 bytes)
[2025-11-12 02:30:01] Cleaning up backups older than 30 days...
[2025-11-12 02:30:01] Remaining backups: 22
[2025-11-12 02:30:01] Metrics exported to /var/lib/node_exporter/textfile_collector/backup_eventicro.prom
[2025-11-12 02:30:01] Backup process completed.
[2025-11-13 02:30:01] Starting EventiCRO database backup...
[2025-11-13 02:30:01] Backup completed successfully: /home/admin/backups/eventicro/eventicro_20251113_023001.sql.gz (2361 bytes)
[2025-11-13 02:30:01] Cleaning up backups older than 30 days...
[2025-11-13 02:30:01] Remaining backups: 23
[2025-11-13 02:30:01] Metrics exported to /var/lib/node_exporter/textfile_collector/backup_eventicro.prom
[2025-11-13 02:30:01] Backup process completed.
[2025-11-14 02:30:01] Starting EventiCRO database backup...
[2025-11-14 02:30:01] Backup completed successfully: /home/admin/backups/eventicro/eventicro_20251114_023001.sql.gz (2358 bytes)
[2025-11-14 02:30:01] Cleaning up backups older than 30 days...
[2025-11-14 02:30:01] Remaining backups: 24
[2025-11-14 02:30:01] Metrics exported to /var/lib/node_exporter/textfile_collector/backup_eventicro.prom
[2025-11-14 02:30:01] Backup process completed.
[2025-11-15 02:30:01] Starting EventiCRO database backup...
[2025-11-15 02:30:02] Backup completed successfully: /home/admin/backups/eventicro/eventicro_20251115_023001.sql.gz (2359 bytes)
[2025-11-15 02:30:02] Cleaning up backups older than 30 days...
[2025-11-15 02:30:02] Remaining backups: 25
[2025-11-15 02:30:02] Metrics exported to /var/lib/node_exporter/textfile_collector/backup_eventicro.prom
[2025-11-15 02:30:02] Backup process completed.
[2025-11-16 02:30:01] Starting EventiCRO database backup...
[2025-11-16 02:30:01] Backup completed successfully: /home/admin/backups/eventicro/eventicro_20251116_023001.sql.gz (2359 bytes)
[2025-11-16 02:30:01] Cleaning up backups older than 30 days...
[2025-11-16 02:30:01] Remaining backups: 26
[2025-11-16 02:30:01] Metrics exported to /var/lib/node_exporter/textfile_collector/backup_eventicro.prom
[2025-11-16 02:30:01] Backup process completed.
[2025-11-17 02:30:01] Starting EventiCRO database backup...
[2025-11-17 02:30:01] Backup completed successfully: /home/admin/backups/eventicro/eventicro_20251117_023001.sql.gz (2357 bytes)
[2025-11-17 02:30:01] Cleaning up backups older than 30 days...
[2025-11-17 02:30:01] Remaining backups: 27
[2025-11-17 02:30:01] Metrics exported to /var/lib/node_exporter/textfile_collector/backup_eventicro.prom
[2025-11-17 02:30:01] Backup process completed.
[2025-11-18 02:30:01] Starting EventiCRO database backup...
[2025-11-18 02:30:01] Backup completed successfully: /home/admin/backups/eventicro/eventicro_20251118_023001.sql.gz (2358 bytes)
[2025-11-18 02:30:01] Cleaning up backups older than 30 days...
[2025-11-18 02:30:01] Remaining backups: 28
[2025-11-18 02:30:01] Metrics exported to /var/lib/node_exporter/textfile_collector/backup_eventicro.prom
[2025-11-18 02:30:01] Backup process completed.
[2025-11-19 02:30:01] Starting EventiCRO database backup...
[2025-11-19 02:30:02] Backup completed successfully: /home/admin/backups/eventicro/eventicro_20251119_023001.sql.gz (2360 bytes)
[2025-11-19 02:30:02] Cleaning up backups older than 30 days...
[2025-11-19 02:30:02] Remaining backups: 29
[2025-11-19 02:30:02] Metrics exported to /var/lib/node_exporter/textfile_collector/backup_eventicro.prom
[2025-11-19 02:30:02] Backup process completed.
[2025-11-20 02:30:01] Starting EventiCRO database backup...
[2025-11-20 02:30:01] Backup completed successfully: /home/admin/backups/eventicro/eventicro_20251120_023001.sql.gz (2360 bytes)
[2025-11-20 02:30:01] Cleaning up backups older than 30 days...
[2025-11-20 02:30:02] Remaining backups: 29
[2025-11-20 02:30:02] Metrics exported to /var/lib/node_exporter/textfile_collector/backup_eventicro.prom
[2025-11-20 02:30:02] Backup process completed.
[2025-11-21 02:30:01] Starting EventiCRO database backup...
[2025-11-21 02:30:01] Backup completed successfully: /home/admin/backups/eventicro/eventicro_20251121_023001.sql.gz (2359 bytes)
[2025-11-21 02:30:01] Cleaning up backups older than 30 days...
[2025-11-21 02:30:01] Remaining backups: 30
[2025-11-21 02:30:01] Metrics exported to /var/lib/node_exporter/textfile_collector/backup_eventicro.prom
[2025-11-21 02:30:01] Backup process completed.
[2025-11-22 02:30:01] Starting EventiCRO database backup...
[2025-11-22 02:30:01] Backup completed successfully: /home/admin/backups/eventicro/eventicro_20251122_023001.sql.gz (2359 bytes)
[2025-11-22 02:30:01] Cleaning up backups older than 30 days...
[2025-11-22 02:30:01] Remaining backups: 31
[2025-11-22 02:30:01] Metrics exported to /var/lib/node_exporter/textfile_collector/backup_eventicro.prom
[2025-11-22 02:30:01] Backup process completed.
[2025-11-23 02:30:01] Starting EventiCRO database backup...
[2025-11-23 02:30:01] Backup completed successfully: /home/admin/backups/eventicro/eventicro_20251123_023001.sql.gz (2357 bytes)
[2025-11-23 02:30:01] Cleaning up backups older than 30 days...
[2025-11-23 02:30:01] Remaining backups: 32
[2025-11-23 02:30:01] Metrics exported to /var/lib/node_exporter/textfile_collector/backup_eventicro.prom
[2025-11-23 02:30:01] Backup process completed.
[2025-11-24 02:30:01] Starting EventiCRO database backup...
[2025-11-24 02:30:01] Backup completed successfully: /home/admin/backups/eventicro/eventicro_20251124_023001.sql.gz (2358 bytes)
[2025-11-24 02:30:01] Cleaning up backups older than 30 days...
[2025-11-24 02:30:01] Remaining backups: 33
[2025-11-24 02:30:01] Metrics exported to /var/lib/node_exporter/textfile_collector/backup_eventicro.prom
[2025-11-24 02:30:01] Backup process completed.
[2025-11-25 02:30:01] Starting EventiCRO database backup...
[2025-11-25 02:30:01] Backup completed successfully: /home/admin/backups/eventicro/eventicro_20251125_023001.sql.gz (2359 bytes)
[2025-11-25 02:30:01] Cleaning up backups older than 30 days...
[2025-11-25 02:30:01] Remaining backups: 31
[2025-11-25 02:30:01] Metrics exported to /var/lib/node_exporter/textfile_collector/backup_eventicro.prom
[2025-11-25 02:30:01] Backup process completed.
[2025-11-26 02:30:01] Starting EventiCRO database backup...
[2025-11-26 02:30:01] Backup completed successfully: /home/admin/backups/eventicro/eventicro_20251126_023001.sql.gz (2357 bytes)
[2025-11-26 02:30:01] Cleaning up backups older than 30 days...
[2025-11-26 02:30:01] Remaining backups: 31
[2025-11-26 02:30:01] Metrics exported to /var/lib/node_exporter/textfile_collector/backup_eventicro.prom
[2025-11-26 02:30:01] Backup process completed.
[2025-11-27 02:30:01] Starting EventiCRO database backup...
[2025-11-27 02:30:01] Backup completed successfully: /home/admin/backups/eventicro/eventicro_20251127_023001.sql.gz (2358 bytes)
[2025-11-27 02:30:01] Cleaning up backups older than 30 days...
[2025-11-27 02:30:01] Remaining backups: 32
[2025-11-27 02:30:02] Metrics exported to /var/lib/node_exporter/textfile_collector/backup_eventicro.prom
[2025-11-27 02:30:02] Backup process completed.
[2025-11-28 02:30:01] Starting EventiCRO database backup...
[2025-11-28 02:30:01] Backup completed successfully: /home/admin/backups/eventicro/eventicro_20251128_023001.sql.gz (2358 bytes)
[2025-11-28 02:30:01] Cleaning up backups older than 30 days...
[2025-11-28 02:30:01] Remaining backups: 31
[2025-11-28 02:30:01] Metrics exported to /var/lib/node_exporter/textfile_collector/backup_eventicro.prom
[2025-11-28 02:30:01] Backup process completed.
[2025-11-29 02:30:01] Starting EventiCRO database backup...
[2025-11-29 02:30:01] Backup completed successfully: /home/admin/backups/eventicro/eventicro_20251129_023001.sql.gz (2360 bytes)
[2025-11-29 02:30:01] Cleaning up backups older than 30 days...
[2025-11-29 02:30:01] Remaining backups: 31
[2025-11-29 02:30:01] Metrics exported to /var/lib/node_exporter/textfile_collector/backup_eventicro.prom
[2025-11-29 02:30:01] Backup process completed.
[2025-11-30 02:30:01] Starting EventiCRO database backup...
[2025-11-30 02:30:01] Backup completed successfully: /home/admin/backups/eventicro/eventicro_20251130_023001.sql.gz (2359 bytes)
[2025-11-30 02:30:01] Cleaning up backups older than 30 days...
[2025-11-30 02:30:01] Remaining backups: 32
[2025-11-30 02:30:01] Metrics exported to /var/lib/node_exporter/textfile_collector/backup_eventicro.prom
[2025-11-30 02:30:01] Backup process completed.
[2025-12-01 02:30:01] Starting EventiCRO database backup...
[2025-12-01 02:30:01] Backup completed successfully: /home/admin/backups/eventicro/eventicro_20251201_023001.sql.gz (2359 bytes)
[2025-12-01 02:30:01] Cleaning up backups older than 30 days...
[2025-12-01 02:30:01] Remaining backups: 32
[2025-12-01 02:30:01] Metrics exported to /var/lib/node_exporter/textfile_collector/backup_eventicro.prom
[2025-12-01 02:30:01] Backup process completed.
[2025-12-02 02:30:01] Starting EventiCRO database backup...
[2025-12-02 02:30:01] Backup completed successfully: /home/admin/backups/eventicro/eventicro_20251202_023001.sql.gz (2358 bytes)
[2025-12-02 02:30:01] Cleaning up backups older than 30 days...
[2025-12-02 02:30:01] Remaining backups: 32
[2025-12-02 02:30:01] Metrics exported to /var/lib/node_exporter/textfile_collector/backup_eventicro.prom
[2025-12-02 02:30:01] Backup process completed.
[2025-12-03 02:30:01] Starting EventiCRO database backup...
[2025-12-03 02:30:02] Backup completed successfully: /home/admin/backups/eventicro/eventicro_20251203_023001.sql.gz (2359 bytes)
[2025-12-03 02:30:02] Cleaning up backups older than 30 days...
[2025-12-03 02:30:02] Remaining backups: 31
[2025-12-03 02:30:02] Metrics exported to /var/lib/node_exporter/textfile_collector/backup_eventicro.prom
[2025-12-03 02:30:02] Backup process completed.
[2025-12-04 02:30:01] Starting EventiCRO database backup...
[2025-12-04 02:30:02] Backup completed successfully: /home/admin/backups/eventicro/eventicro_20251204_023001.sql.gz (2359 bytes)
[2025-12-04 02:30:02] Cleaning up backups older than 30 days...
[2025-12-04 02:30:02] Remaining backups: 31
[2025-12-04 02:30:02] Metrics exported to /var/lib/node_exporter/textfile_collector/backup_eventicro.prom
[2025-12-04 02:30:02] Backup process completed.
[2025-12-05 02:30:01] Starting EventiCRO database backup...
[2025-12-05 02:30:01] Backup completed successfully: /home/admin/backups/eventicro/eventicro_20251205_023001.sql.gz (2357 bytes)
[2025-12-05 02:30:01] Cleaning up backups older than 30 days...
[2025-12-05 02:30:01] Remaining backups: 32
[2025-12-05 02:30:01] Metrics exported to /var/lib/node_exporter/textfile_collector/backup_eventicro.prom
[2025-12-05 02:30:01] Backup process completed.
[2025-12-06 02:30:01] Starting EventiCRO database backup...
[2025-12-06 02:30:01] Backup completed successfully: /home/admin/backups/eventicro/eventicro_20251206_023001.sql.gz (2359 bytes)
[2025-12-06 02:30:01] Cleaning up backups older than 30 days...
[2025-12-06 02:30:01] Remaining backups: 31
[2025-12-06 02:30:01] Metrics exported to /var/lib/node_exporter/textfile_collector/backup_eventicro.prom
[2025-12-06 02:30:01] Backup process completed.
[2025-12-07 02:30:01] Starting EventiCRO database backup...
[2025-12-07 02:30:01] Backup completed successfully: /home/admin/backups/eventicro/eventicro_20251207_023001.sql.gz (2359 bytes)
[2025-12-07 02:30:01] Cleaning up backups older than 30 days...
[2025-12-07 02:30:01] Remaining backups: 31
[2025-12-07 02:30:01] Metrics exported to /var/lib/node_exporter/textfile_collector/backup_eventicro.prom
[2025-12-07 02:30:01] Backup process completed.
[2025-12-08 02:30:01] Starting EventiCRO database backup...
[2025-12-08 02:30:02] Backup completed successfully: /home/admin/backups/eventicro/eventicro_20251208_023001.sql.gz (2359 bytes)
[2025-12-08 02:30:02] Cleaning up backups older than 30 days...
[2025-12-08 02:30:02] Remaining backups: 31
[2025-12-08 02:30:02] Metrics exported to /var/lib/node_exporter/textfile_collector/backup_eventicro.prom
[2025-12-08 02:30:02] Backup process completed.
[2025-12-09 02:30:01] Starting EventiCRO database backup...
[2025-12-09 02:30:01] Backup completed successfully: /home/admin/backups/eventicro/eventicro_20251209_023001.sql.gz (2357 bytes)
[2025-12-09 02:30:01] Cleaning up backups older than 30 days...
[2025-12-09 02:30:01] Remaining backups: 32
[2025-12-09 02:30:01] Metrics exported to /var/lib/node_exporter/textfile_collector/backup_eventicro.prom
[2025-12-09 02:30:01] Backup process completed.
[2025-12-10 02:30:01] Starting EventiCRO database backup...
[2025-12-10 02:30:01] Backup completed successfully: /home/admin/backups/eventicro/eventicro_20251210_023001.sql.gz (2359 bytes)
[2025-12-10 02:30:01] Cleaning up backups older than 30 days...
[2025-12-10 02:30:01] Remaining backups: 31
[2025-12-10 02:30:01] Metrics exported to /var/lib/node_exporter/textfile_collector/backup_eventicro.prom
[2025-12-10 02:30:01] Backup process completed.
[2025-12-11 02:30:01] Starting EventiCRO database backup...
[2025-12-11 02:30:01] Backup completed successfully: /home/admin/backups/eventicro/eventicro_20251211_023001.sql.gz (2357 bytes)
[2025-12-11 02:30:01] Cleaning up backups older than 30 days...
[2025-12-11 02:30:01] Remaining backups: 31
[2025-12-11 02:30:01] Metrics exported to /var/lib/node_exporter/textfile_collector/backup_eventicro.prom
[2025-12-11 02:30:01] Backup process completed.
[2025-12-12 02:30:01] Starting EventiCRO database backup...
[2025-12-12 02:30:02] Backup completed successfully: /home/admin/backups/eventicro/eventicro_20251212_023001.sql.gz (2360 bytes)
[2025-12-12 02:30:02] Cleaning up backups older than 30 days...
[2025-12-12 02:30:02] Remaining backups: 31
[2025-12-12 02:30:02] Metrics exported to /var/lib/node_exporter/textfile_collector/backup_eventicro.prom
[2025-12-12 02:30:02] Backup process completed.
[2025-12-13 02:30:01] Starting EventiCRO database backup...
[2025-12-13 02:30:01] Backup completed successfully: /home/admin/backups/eventicro/eventicro_20251213_023001.sql.gz (2356 bytes)
[2025-12-13 02:30:01] Cleaning up backups older than 30 days...
[2025-12-13 02:30:01] Remaining backups: 32
[2025-12-13 02:30:01] Metrics exported to /var/lib/node_exporter/textfile_collector/backup_eventicro.prom
[2025-12-13 02:30:01] Backup process completed.
[2025-12-14 02:30:01] Starting EventiCRO database backup...
[2025-12-14 02:30:02] Backup completed successfully: /home/admin/backups/eventicro/eventicro_20251214_023001.sql.gz (2357 bytes)
[2025-12-14 02:30:02] Cleaning up backups older than 30 days...
[2025-12-14 02:30:02] Remaining backups: 31
[2025-12-14 02:30:02] Metrics exported to /var/lib/node_exporter/textfile_collector/backup_eventicro.prom
[2025-12-14 02:30:02] Backup process completed.
[2025-12-15 02:30:01] Starting EventiCRO database backup...
[2025-12-15 02:30:01] Backup completed successfully: /home/admin/backups/eventicro/eventicro_20251215_023001.sql.gz (2359 bytes)
[2025-12-15 02:30:01] Cleaning up backups older than 30 days...
[2025-12-15 02:30:01] Remaining backups: 32
[2025-12-15 02:30:01] Metrics exported to /var/lib/node_exporter/textfile_collector/backup_eventicro.prom
[2025-12-15 02:30:01] Backup process completed.
[2025-12-16 02:30:01] Starting EventiCRO database backup...
[2025-12-16 02:30:01] Backup completed successfully: /home/admin/backups/eventicro/eventicro_20251216_023001.sql.gz (2357 bytes)
[2025-12-16 02:30:01] Cleaning up backups older than 30 days...
[2025-12-16 02:30:01] Remaining backups: 32
[2025-12-16 02:30:01] Metrics exported to /var/lib/node_exporter/textfile_collector/backup_eventicro.prom
[2025-12-16 02:30:01] Backup process completed.
[2025-12-17 02:30:01] Starting EventiCRO database backup...
[2025-12-17 02:30:02] Backup completed successfully: /home/admin/backups/eventicro/eventicro_20251217_023001.sql.gz (2357 bytes)
[2025-12-17 02:30:02] Cleaning up backups older than 30 days...
[2025-12-17 02:30:02] Remaining backups: 31
[2025-12-17 02:30:02] Metrics exported to /var/lib/node_exporter/textfile_collector/backup_eventicro.prom
[2025-12-17 02:30:02] Backup process completed.
[2025-12-18 02:30:01] Starting EventiCRO database backup...
[2025-12-18 02:30:01] Backup completed successfully: /home/admin/backups/eventicro/eventicro_20251218_023001.sql.gz (2357 bytes)
[2025-12-18 02:30:01] Cleaning up backups older than 30 days...
[2025-12-18 02:30:01] Remaining backups: 32
[2025-12-18 02:30:01] Metrics exported to /var/lib/node_exporter/textfile_collector/backup_eventicro.prom
[2025-12-18 02:30:01] Backup process completed.
[2025-12-19 02:30:01] Starting EventiCRO database backup...
[2025-12-19 02:30:01] Backup completed successfully: /home/admin/backups/eventicro/eventicro_20251219_023001.sql.gz (2361 bytes)
[2025-12-19 02:30:01] Cleaning up backups older than 30 days...
[2025-12-19 02:30:01] Remaining backups: 32
[2025-12-19 02:30:01] Metrics exported to /var/lib/node_exporter/textfile_collector/backup_eventicro.prom
[2025-12-19 02:30:01] Backup process completed.
[2025-12-20 02:30:01] Starting EventiCRO database backup...
[2025-12-20 02:30:01] Backup completed successfully: /home/admin/backups/eventicro/eventicro_20251220_023001.sql.gz (2358 bytes)
[2025-12-20 02:30:01] Cleaning up backups older than 30 days...
[2025-12-20 02:30:01] Remaining backups: 32
[2025-12-20 02:30:01] Metrics exported to /var/lib/node_exporter/textfile_collector/backup_eventicro.prom
[2025-12-20 02:30:01] Backup process completed.
[2025-12-21 02:30:01] Starting EventiCRO database backup...
[2025-12-21 02:30:01] Backup completed successfully: /home/admin/backups/eventicro/eventicro_20251221_023001.sql.gz (2356 bytes)
[2025-12-21 02:30:01] Cleaning up backups older than 30 days...
[2025-12-21 02:30:01] Remaining backups: 32
[2025-12-21 02:30:01] Metrics exported to /var/lib/node_exporter/textfile_collector/backup_eventicro.prom
[2025-12-21 02:30:01] Backup process completed.
[2025-12-22 02:30:01] Starting EventiCRO database backup...
[2025-12-22 02:30:02] Backup completed successfully: /home/admin/backups/eventicro/eventicro_20251222_023001.sql.gz (2360 bytes)
[2025-12-22 02:30:02] Cleaning up backups older than 30 days...
[2025-12-22 02:30:02] Remaining backups: 31
[2025-12-22 02:30:02] Metrics exported to /var/lib/node_exporter/textfile_collector/backup_eventicro.prom
[2025-12-22 02:30:02] Backup process completed.
[2025-12-23 02:30:01] Starting EventiCRO database backup...
[2025-12-23 02:30:01] Backup completed successfully: /home/admin/backups/eventicro/eventicro_20251223_023001.sql.gz (2360 bytes)
[2025-12-23 02:30:01] Cleaning up backups older than 30 days...
[2025-12-23 02:30:01] Remaining backups: 31
[2025-12-23 02:30:01] Metrics exported to /var/lib/node_exporter/textfile_collector/backup_eventicro.prom
[2025-12-23 02:30:01] Backup process completed.
[2025-12-24 02:30:01] Starting EventiCRO database backup...
[2025-12-24 02:30:01] Backup completed successfully: /home/admin/backups/eventicro/eventicro_20251224_023001.sql.gz (2363 bytes)
[2025-12-24 02:30:01] Cleaning up backups older than 30 days...
[2025-12-24 02:30:01] Remaining backups: 32
[2025-12-24 02:30:01] Metrics exported to /var/lib/node_exporter/textfile_collector/backup_eventicro.prom
[2025-12-24 02:30:01] Backup process completed.
[2025-12-25 02:30:01] Starting EventiCRO database backup...
[2025-12-25 02:30:01] Backup completed successfully: /home/admin/backups/eventicro/eventicro_20251225_023001.sql.gz (2358 bytes)
[2025-12-25 02:30:01] Cleaning up backups older than 30 days...
[2025-12-25 02:30:01] Remaining backups: 32
[2025-12-25 02:30:01] Metrics exported to /var/lib/node_exporter/textfile_collector/backup_eventicro.prom
[2025-12-25 02:30:01] Backup process completed.
[2025-12-26 02:30:01] Starting EventiCRO database backup...
[2025-12-26 02:30:01] Backup completed successfully: /home/admin/backups/eventicro/eventicro_20251226_023001.sql.gz (2358 bytes)
[2025-12-26 02:30:01] Cleaning up backups older than 30 days...
[2025-12-26 02:30:01] Remaining backups: 32
[2025-12-26 02:30:01] Metrics exported to /var/lib/node_exporter/textfile_collector/backup_eventicro.prom
[2025-12-26 02:30:01] Backup process completed.
[2025-12-27 02:30:01] Starting EventiCRO database backup...
[2025-12-27 02:30:01] Backup completed successfully: /home/admin/backups/eventicro/eventicro_20251227_023001.sql.gz (2358 bytes)
[2025-12-27 02:30:01] Cleaning up backups older than 30 days...
[2025-12-27 02:30:01] Remaining backups: 32
[2025-12-27 02:30:01] Metrics exported to /var/lib/node_exporter/textfile_collector/backup_eventicro.prom
[2025-12-27 02:30:01] Backup process completed.
[2025-12-28 02:30:02] Starting EventiCRO database backup...
[2025-12-28 02:30:02] Backup completed successfully: /home/admin/backups/eventicro/eventicro_20251228_023002.sql.gz (2361 bytes)
[2025-12-28 02:30:02] Cleaning up backups older than 30 days...
[2025-12-28 02:30:02] Remaining backups: 31
[2025-12-28 02:30:02] Metrics exported to /var/lib/node_exporter/textfile_collector/backup_eventicro.prom
[2025-12-28 02:30:02] Backup process completed.
[2025-12-29 02:30:01] Starting EventiCRO database backup...
[2025-12-29 02:30:01] Backup completed successfully: /home/admin/backups/eventicro/eventicro_20251229_023001.sql.gz (6747 bytes)
[2025-12-29 02:30:01] Cleaning up backups older than 30 days...
[2025-12-29 02:30:01] Remaining backups: 32
[2025-12-29 02:30:01] Metrics exported to /var/lib/node_exporter/textfile_collector/backup_eventicro.prom
[2025-12-29 02:30:01] Backup process completed.
[2025-12-30 02:30:01] Starting EventiCRO database backup...
[2025-12-30 02:30:01] Backup completed successfully: /home/admin/backups/eventicro/eventicro_20251230_023001.sql.gz (6747 bytes)
[2025-12-30 02:30:01] Cleaning up backups older than 30 days...
[2025-12-30 02:30:01] Remaining backups: 32
[2025-12-30 02:30:01] Metrics exported to /var/lib/node_exporter/textfile_collector/backup_eventicro.prom
[2025-12-30 02:30:01] Backup process completed.
[2025-12-31 02:30:01] Starting EventiCRO database backup...
[2025-12-31 02:30:01] Backup completed successfully: /home/admin/backups/eventicro/eventicro_20251231_023001.sql.gz (6749 bytes)
[2025-12-31 02:30:01] Cleaning up backups older than 30 days...
[2025-12-31 02:30:01] Remaining backups: 31
[2025-12-31 02:30:01] Metrics exported to /var/lib/node_exporter/textfile_collector/backup_eventicro.prom
[2025-12-31 02:30:01] Backup process completed.
[2026-01-01 02:30:01] Starting EventiCRO database backup...
[2026-01-01 02:30:01] Backup completed successfully: /home/admin/backups/eventicro/eventicro_20260101_023001.sql.gz (6747 bytes)
[2026-01-01 02:30:01] Cleaning up backups older than 30 days...
[2026-01-01 02:30:01] Remaining backups: 32
[2026-01-01 02:30:01] Metrics exported to /var/lib/node_exporter/textfile_collector/backup_eventicro.prom
[2026-01-01 02:30:01] Backup process completed.
[2026-01-02 02:30:01] Starting EventiCRO database backup...
[2026-01-02 02:30:01] Backup completed successfully: /home/admin/backups/eventicro/eventicro_20260102_023001.sql.gz (6745 bytes)
[2026-01-02 02:30:01] Cleaning up backups older than 30 days...
[2026-01-02 02:30:01] Remaining backups: 31
[2026-01-02 02:30:01] Metrics exported to /var/lib/node_exporter/textfile_collector/backup_eventicro.prom
[2026-01-02 02:30:01] Backup process completed.
[2026-01-03 02:30:01] Starting EventiCRO database backup...
[2026-01-03 02:30:01] Backup completed successfully: /home/admin/backups/eventicro/eventicro_20260103_023001.sql.gz (6751 bytes)
[2026-01-03 02:30:01] Cleaning up backups older than 30 days...
[2026-01-03 02:30:01] Remaining backups: 32
[2026-01-03 02:30:01] Metrics exported to /var/lib/node_exporter/textfile_collector/backup_eventicro.prom
[2026-01-03 02:30:01] Backup process completed.
[2026-01-04 02:30:01] Starting EventiCRO database backup...
[2026-01-04 02:30:02] Backup completed successfully: /home/admin/backups/eventicro/eventicro_20260104_023001.sql.gz (6748 bytes)
[2026-01-04 02:30:02] Cleaning up backups older than 30 days...
[2026-01-04 02:30:02] Remaining backups: 31
[2026-01-04 02:30:02] Metrics exported to /var/lib/node_exporter/textfile_collector/backup_eventicro.prom
[2026-01-04 02:30:02] Backup process completed.
[2026-01-05 02:30:01] Starting EventiCRO database backup...
[2026-01-05 02:30:01] Backup completed successfully: /home/admin/backups/eventicro/eventicro_20260105_023001.sql.gz (6748 bytes)
[2026-01-05 02:30:01] Cleaning up backups older than 30 days...
[2026-01-05 02:30:01] Remaining backups: 31
[2026-01-05 02:30:01] Metrics exported to /var/lib/node_exporter/textfile_collector/backup_eventicro.prom
[2026-01-05 02:30:01] Backup process completed.
[2026-01-06 02:30:01] Starting EventiCRO database backup...
[2026-01-06 02:30:01] Backup completed successfully: /home/admin/backups/eventicro/eventicro_20260106_023001.sql.gz (6747 bytes)
[2026-01-06 02:30:01] Cleaning up backups older than 30 days...
[2026-01-06 02:30:01] Remaining backups: 31
[2026-01-06 02:30:01] Metrics exported to /var/lib/node_exporter/textfile_collector/backup_eventicro.prom
[2026-01-06 02:30:01] Backup process completed.
[2026-01-07 02:30:01] Starting EventiCRO database backup...
[2026-01-07 02:30:01] Backup completed successfully: /home/admin/backups/eventicro/eventicro_20260107_023001.sql.gz (6746 bytes)
[2026-01-07 02:30:01] Cleaning up backups older than 30 days...
[2026-01-07 02:30:01] Remaining backups: 31
[2026-01-07 02:30:01] Metrics exported to /var/lib/node_exporter/textfile_collector/backup_eventicro.prom
[2026-01-07 02:30:01] Backup process completed.
[2026-01-08 02:30:02] Starting EventiCRO database backup...
[2026-01-08 02:30:02] Backup completed successfully: /home/admin/backups/eventicro/eventicro_20260108_023001.sql.gz (6745 bytes)
[2026-01-08 02:30:02] Cleaning up backups older than 30 days...
[2026-01-08 02:30:02] Remaining backups: 31
[2026-01-08 02:30:02] Metrics exported to /var/lib/node_exporter/textfile_collector/backup_eventicro.prom
[2026-01-08 02:30:02] Backup process completed.
[2026-01-09 02:30:01] Starting EventiCRO database backup...
[2026-01-09 02:30:01] Backup completed successfully: /home/admin/backups/eventicro/eventicro_20260109_023001.sql.gz (6745 bytes)
[2026-01-09 02:30:01] Cleaning up backups older than 30 days...
[2026-01-09 02:30:01] Remaining backups: 31
[2026-01-09 02:30:02] Metrics exported to /var/lib/node_exporter/textfile_collector/backup_eventicro.prom
[2026-01-09 02:30:02] Backup process completed.
[2026-01-10 02:30:01] Starting EventiCRO database backup...
[2026-01-10 02:30:01] Backup completed successfully: /home/admin/backups/eventicro/eventicro_20260110_023001.sql.gz (6747 bytes)
[2026-01-10 02:30:01] Cleaning up backups older than 30 days...
[2026-01-10 02:30:01] Remaining backups: 32
[2026-01-10 02:30:01] Metrics exported to /var/lib/node_exporter/textfile_collector/backup_eventicro.prom
[2026-01-10 02:30:01] Backup process completed.
[2026-01-11 02:30:01] Starting EventiCRO database backup...
[2026-01-11 02:30:01] Backup completed successfully: /home/admin/backups/eventicro/eventicro_20260111_023001.sql.gz (6750 bytes)
[2026-01-11 02:30:01] Cleaning up backups older than 30 days...
[2026-01-11 02:30:01] Remaining backups: 32
[2026-01-11 02:30:01] Metrics exported to /var/lib/node_exporter/textfile_collector/backup_eventicro.prom
[2026-01-11 02:30:01] Backup process completed.
[2026-01-12 02:30:01] Starting EventiCRO database backup...
[2026-01-12 02:30:01] Backup completed successfully: /home/admin/backups/eventicro/eventicro_20260112_023001.sql.gz (6746 bytes)
[2026-01-12 02:30:01] Cleaning up backups older than 30 days...
[2026-01-12 02:30:01] Remaining backups: 32
[2026-01-12 02:30:01] Metrics exported to /var/lib/node_exporter/textfile_collector/backup_eventicro.prom
[2026-01-12 02:30:01] Backup process completed.
[2026-01-13 02:30:01] Starting EventiCRO database backup...
[2026-01-13 02:30:02] Backup completed successfully: /home/admin/backups/eventicro/eventicro_20260113_023001.sql.gz (6748 bytes)
[2026-01-13 02:30:02] Cleaning up backups older than 30 days...
[2026-01-13 02:30:02] Remaining backups: 31
[2026-01-13 02:30:02] Metrics exported to /var/lib/node_exporter/textfile_collector/backup_eventicro.prom
[2026-01-13 02:30:02] Backup process completed.
[2026-01-14 02:30:01] Starting EventiCRO database backup...
[2026-01-14 02:30:01] Backup completed successfully: /home/admin/backups/eventicro/eventicro_20260114_023001.sql.gz (6746 bytes)
[2026-01-14 02:30:01] Cleaning up backups older than 30 days...
[2026-01-14 02:30:01] Remaining backups: 32
[2026-01-14 02:30:01] Metrics exported to /var/lib/node_exporter/textfile_collector/backup_eventicro.prom
[2026-01-14 02:30:01] Backup process completed.
[2026-01-15 02:30:01] Starting EventiCRO database backup...
[2026-01-15 02:30:01] Backup completed successfully: /home/admin/backups/eventicro/eventicro_20260115_023001.sql.gz (6747 bytes)
[2026-01-15 02:30:01] Cleaning up backups older than 30 days...
[2026-01-15 02:30:01] Remaining backups: 31
[2026-01-15 02:30:01] Metrics exported to /var/lib/node_exporter/textfile_collector/backup_eventicro.prom
[2026-01-15 02:30:01] Backup process completed.
[2026-01-16 02:30:01] Starting EventiCRO database backup...
[2026-01-16 02:30:01] Backup completed successfully: /home/admin/backups/eventicro/eventicro_20260116_023001.sql.gz (6746 bytes)
[2026-01-16 02:30:01] Cleaning up backups older than 30 days...
[2026-01-16 02:30:01] Remaining backups: 32
[2026-01-16 02:30:01] Metrics exported to /var/lib/node_exporter/textfile_collector/backup_eventicro.prom
[2026-01-16 02:30:01] Backup process completed.
[2026-01-17 02:30:01] Starting EventiCRO database backup...
[2026-01-17 02:30:02] Backup completed successfully: /home/admin/backups/eventicro/eventicro_20260117_023001.sql.gz (6749 bytes)
[2026-01-17 02:30:02] Cleaning up backups older than 30 days...
[2026-01-17 02:30:02] Remaining backups: 31
[2026-01-17 02:30:02] Metrics exported to /var/lib/node_exporter/textfile_collector/backup_eventicro.prom
[2026-01-17 02:30:02] Backup process completed.
