[2025-10-20 00:06:23] Starting meta-chat database backup...
[2025-10-20 00:06:23] Backup completed successfully: /home/admin/backups/meta-chat/metachat_20251020_000623.sql.gz (245149 bytes)
[2025-10-20 00:06:23] Cleaning up backups older than 30 days...
[2025-10-20 00:06:23] Remaining backups: 1
[2025-10-20 00:06:23] Metrics exported to /var/lib/node_exporter/textfile_collector/backup_metachat.prom
[2025-10-20 00:06:23] Backup process completed.
[2025-10-24 12:41:23] Starting meta-chat database backup...
[2025-10-24 12:41:23] Backup completed successfully: /home/admin/backups/meta-chat/metachat_20251024_124123.sql.gz (245149 bytes)
[2025-10-24 12:41:23] Cleaning up backups older than 30 days...
[2025-10-24 12:41:23] Remaining backups: 2
[2025-10-24 12:41:23] Metrics exported to /var/lib/node_exporter/textfile_collector/backup_metachat.prom
[2025-10-24 12:41:23] Backup process completed.
[2025-10-24 12:42:15] Starting meta-chat database backup...
[2025-10-24 12:42:15] Backup completed successfully: /home/admin/backups/meta-chat/metachat_20251024_124215.sql.gz (245152 bytes)
[2025-10-24 12:42:15] Cleaning up backups older than 30 days...
[2025-10-24 12:42:15] Remaining backups: 2
[2025-10-24 12:42:15] Metrics exported to /var/lib/node_exporter/textfile_collector/backup_metachat.prom
[2025-10-24 12:42:15] Backup process completed.
[2025-10-25 02:00:01] Starting meta-chat database backup...
[2025-10-25 02:00:01] Backup completed successfully: /home/admin/backups/meta-chat/metachat_20251025_020001.sql.gz (245146 bytes)
[2025-10-25 02:00:01] Cleaning up backups older than 30 days...
[2025-10-25 02:00:01] Remaining backups: 3
[2025-10-25 02:00:01] Metrics exported to /var/lib/node_exporter/textfile_collector/backup_metachat.prom
[2025-10-25 02:00:01] Backup process completed.
[2025-10-26 02:00:01] Starting meta-chat database backup...
[2025-10-26 02:00:01] Backup completed successfully: /home/admin/backups/meta-chat/metachat_20251026_020001.sql.gz (245149 bytes)
[2025-10-26 02:00:01] Cleaning up backups older than 30 days...
[2025-10-26 02:00:01] Remaining backups: 4
[2025-10-26 02:00:01] Metrics exported to /var/lib/node_exporter/textfile_collector/backup_metachat.prom
[2025-10-26 02:00:01] Backup process completed.
[2025-10-27 02:00:01] Starting meta-chat database backup...
[2025-10-27 02:00:02] Backup completed successfully: /home/admin/backups/meta-chat/metachat_20251027_020001.sql.gz (245151 bytes)
[2025-10-27 02:00:02] Cleaning up backups older than 30 days...
[2025-10-27 02:00:02] Remaining backups: 5
[2025-10-27 02:00:02] Metrics exported to /var/lib/node_exporter/textfile_collector/backup_metachat.prom
[2025-10-27 02:00:02] Backup process completed.
[2025-10-28 02:00:01] Starting meta-chat database backup...
[2025-10-28 02:00:02] Backup completed successfully: /home/admin/backups/meta-chat/metachat_20251028_020001.sql.gz (245250 bytes)
[2025-10-28 02:00:02] Cleaning up backups older than 30 days...
[2025-10-28 02:00:02] Remaining backups: 6
[2025-10-28 02:00:02] Metrics exported to /var/lib/node_exporter/textfile_collector/backup_metachat.prom
[2025-10-28 02:00:02] Backup process completed.
[2025-10-29 02:00:01] Starting meta-chat database backup...
[2025-10-29 02:00:01] Backup completed successfully: /home/admin/backups/meta-chat/metachat_20251029_020001.sql.gz (245297 bytes)
[2025-10-29 02:00:01] Cleaning up backups older than 30 days...
[2025-10-29 02:00:01] Remaining backups: 7
[2025-10-29 02:00:01] Metrics exported to /var/lib/node_exporter/textfile_collector/backup_metachat.prom
[2025-10-29 02:00:01] Backup process completed.
[2025-10-30 02:00:01] Starting meta-chat database backup...
[2025-10-30 02:00:01] Backup completed successfully: /home/admin/backups/meta-chat/metachat_20251030_020001.sql.gz (245293 bytes)
[2025-10-30 02:00:01] Cleaning up backups older than 30 days...
[2025-10-30 02:00:01] Remaining backups: 8
[2025-10-30 02:00:01] Metrics exported to /var/lib/node_exporter/textfile_collector/backup_metachat.prom
[2025-10-30 02:00:01] Backup process completed.
[2025-10-31 02:00:01] Starting meta-chat database backup...
[2025-10-31 02:00:02] Backup completed successfully: /home/admin/backups/meta-chat/metachat_20251031_020001.sql.gz (245291 bytes)
[2025-10-31 02:00:02] Cleaning up backups older than 30 days...
[2025-10-31 02:00:02] Remaining backups: 9
[2025-10-31 02:00:02] Metrics exported to /var/lib/node_exporter/textfile_collector/backup_metachat.prom
[2025-10-31 02:00:02] Backup process completed.
[2025-11-01 02:00:01] Starting meta-chat database backup...
[2025-11-01 02:00:02] Backup completed successfully: /home/admin/backups/meta-chat/metachat_20251101_020001.sql.gz (245297 bytes)
[2025-11-01 02:00:02] Cleaning up backups older than 30 days...
[2025-11-01 02:00:02] Remaining backups: 10
[2025-11-01 02:00:02] Metrics exported to /var/lib/node_exporter/textfile_collector/backup_metachat.prom
[2025-11-01 02:00:02] Backup process completed.
[2025-11-02 02:00:01] Starting meta-chat database backup...
[2025-11-02 02:00:01] Backup completed successfully: /home/admin/backups/meta-chat/metachat_20251102_020001.sql.gz (245290 bytes)
[2025-11-02 02:00:01] Cleaning up backups older than 30 days...
[2025-11-02 02:00:01] Remaining backups: 11
[2025-11-02 02:00:01] Metrics exported to /var/lib/node_exporter/textfile_collector/backup_metachat.prom
[2025-11-02 02:00:01] Backup process completed.
[2025-11-03 02:00:01] Starting meta-chat database backup...
[2025-11-03 02:00:02] Backup completed successfully: /home/admin/backups/meta-chat/metachat_20251103_020001.sql.gz (245291 bytes)
[2025-11-03 02:00:02] Cleaning up backups older than 30 days...
[2025-11-03 02:00:02] Remaining backups: 12
[2025-11-03 02:00:02] Metrics exported to /var/lib/node_exporter/textfile_collector/backup_metachat.prom
[2025-11-03 02:00:02] Backup process completed.
[2025-11-04 02:00:01] Starting meta-chat database backup...
[2025-11-04 02:00:01] Backup completed successfully: /home/admin/backups/meta-chat/metachat_20251104_020001.sql.gz (245288 bytes)
[2025-11-04 02:00:01] Cleaning up backups older than 30 days...
[2025-11-04 02:00:01] Remaining backups: 13
[2025-11-04 02:00:01] Metrics exported to /var/lib/node_exporter/textfile_collector/backup_metachat.prom
[2025-11-04 02:00:01] Backup process completed.
[2025-11-05 02:00:01] Starting meta-chat database backup...
[2025-11-05 02:00:02] Backup completed successfully: /home/admin/backups/meta-chat/metachat_20251105_020001.sql.gz (245290 bytes)
[2025-11-05 02:00:02] Cleaning up backups older than 30 days...
[2025-11-05 02:00:02] Remaining backups: 14
[2025-11-05 02:00:02] Metrics exported to /var/lib/node_exporter/textfile_collector/backup_metachat.prom
[2025-11-05 02:00:02] Backup process completed.
[2025-11-06 02:00:01] Starting meta-chat database backup...
[2025-11-06 02:00:01] Backup completed successfully: /home/admin/backups/meta-chat/metachat_20251106_020001.sql.gz (245296 bytes)
[2025-11-06 02:00:01] Cleaning up backups older than 30 days...
[2025-11-06 02:00:01] Remaining backups: 15
[2025-11-06 02:00:01] Metrics exported to /var/lib/node_exporter/textfile_collector/backup_metachat.prom
[2025-11-06 02:00:01] Backup process completed.
[2025-11-07 02:00:01] Starting meta-chat database backup...
[2025-11-07 02:00:01] Backup completed successfully: /home/admin/backups/meta-chat/metachat_20251107_020001.sql.gz (245291 bytes)
[2025-11-07 02:00:01] Cleaning up backups older than 30 days...
[2025-11-07 02:00:01] Remaining backups: 16
[2025-11-07 02:00:01] Metrics exported to /var/lib/node_exporter/textfile_collector/backup_metachat.prom
[2025-11-07 02:00:01] Backup process completed.
[2025-11-08 02:00:01] Starting meta-chat database backup...
[2025-11-08 02:00:02] Backup completed successfully: /home/admin/backups/meta-chat/metachat_20251108_020001.sql.gz (245293 bytes)
[2025-11-08 02:00:02] Cleaning up backups older than 30 days...
[2025-11-08 02:00:02] Remaining backups: 17
[2025-11-08 02:00:02] Metrics exported to /var/lib/node_exporter/textfile_collector/backup_metachat.prom
[2025-11-08 02:00:02] Backup process completed.
[2025-11-09 02:00:01] Starting meta-chat database backup...
[2025-11-09 02:00:01] Backup completed successfully: /home/admin/backups/meta-chat/metachat_20251109_020001.sql.gz (245293 bytes)
[2025-11-09 02:00:01] Cleaning up backups older than 30 days...
[2025-11-09 02:00:02] Remaining backups: 18
[2025-11-09 02:00:02] Metrics exported to /var/lib/node_exporter/textfile_collector/backup_metachat.prom
[2025-11-09 02:00:02] Backup process completed.
[2025-11-10 02:00:01] Starting meta-chat database backup...
[2025-11-10 02:00:02] Backup completed successfully: /home/admin/backups/meta-chat/metachat_20251110_020001.sql.gz (245289 bytes)
[2025-11-10 02:00:02] Cleaning up backups older than 30 days...
[2025-11-10 02:00:02] Remaining backups: 19
[2025-11-10 02:00:02] Metrics exported to /var/lib/node_exporter/textfile_collector/backup_metachat.prom
[2025-11-10 02:00:02] Backup process completed.
[2025-11-11 02:00:01] Starting meta-chat database backup...
[2025-11-11 02:00:02] Backup completed successfully: /home/admin/backups/meta-chat/metachat_20251111_020001.sql.gz (245287 bytes)
[2025-11-11 02:00:02] Cleaning up backups older than 30 days...
[2025-11-11 02:00:02] Remaining backups: 20
[2025-11-11 02:00:02] Metrics exported to /var/lib/node_exporter/textfile_collector/backup_metachat.prom
[2025-11-11 02:00:02] Backup process completed.
[2025-11-12 02:00:01] Starting meta-chat database backup...
[2025-11-12 02:00:01] Backup completed successfully: /home/admin/backups/meta-chat/metachat_20251112_020001.sql.gz (245290 bytes)
[2025-11-12 02:00:01] Cleaning up backups older than 30 days...
[2025-11-12 02:00:01] Remaining backups: 21
[2025-11-12 02:00:01] Metrics exported to /var/lib/node_exporter/textfile_collector/backup_metachat.prom
[2025-11-12 02:00:01] Backup process completed.
[2025-11-13 02:00:01] Starting meta-chat database backup...
[2025-11-13 02:00:02] Backup completed successfully: /home/admin/backups/meta-chat/metachat_20251113_020001.sql.gz (245292 bytes)
[2025-11-13 02:00:02] Cleaning up backups older than 30 days...
[2025-11-13 02:00:02] Remaining backups: 22
[2025-11-13 02:00:02] Metrics exported to /var/lib/node_exporter/textfile_collector/backup_metachat.prom
[2025-11-13 02:00:02] Backup process completed.
[2025-11-14 02:00:01] Starting meta-chat database backup...
[2025-11-14 02:00:02] Backup completed successfully: /home/admin/backups/meta-chat/metachat_20251114_020001.sql.gz (245291 bytes)
[2025-11-14 02:00:02] Cleaning up backups older than 30 days...
[2025-11-14 02:00:02] Remaining backups: 23
[2025-11-14 02:00:02] Metrics exported to /var/lib/node_exporter/textfile_collector/backup_metachat.prom
[2025-11-14 02:00:02] Backup process completed.
[2025-11-15 02:00:01] Starting meta-chat database backup...
[2025-11-15 02:00:02] Backup completed successfully: /home/admin/backups/meta-chat/metachat_20251115_020001.sql.gz (245293 bytes)
[2025-11-15 02:00:02] Cleaning up backups older than 30 days...
[2025-11-15 02:00:02] Remaining backups: 24
[2025-11-15 02:00:02] Metrics exported to /var/lib/node_exporter/textfile_collector/backup_metachat.prom
[2025-11-15 02:00:02] Backup process completed.
[2025-11-16 02:00:01] Starting meta-chat database backup...
[2025-11-16 02:00:02] Backup completed successfully: /home/admin/backups/meta-chat/metachat_20251116_020001.sql.gz (245286 bytes)
[2025-11-16 02:00:02] Cleaning up backups older than 30 days...
[2025-11-16 02:00:02] Remaining backups: 25
[2025-11-16 02:00:02] Metrics exported to /var/lib/node_exporter/textfile_collector/backup_metachat.prom
[2025-11-16 02:00:02] Backup process completed.
[2025-11-17 02:00:01] Starting meta-chat database backup...
[2025-11-17 02:00:02] Backup completed successfully: /home/admin/backups/meta-chat/metachat_20251117_020001.sql.gz (245287 bytes)
[2025-11-17 02:00:02] Cleaning up backups older than 30 days...
[2025-11-17 02:00:02] Remaining backups: 26
[2025-11-17 02:00:02] Metrics exported to /var/lib/node_exporter/textfile_collector/backup_metachat.prom
[2025-11-17 02:00:02] Backup process completed.
[2025-11-18 02:00:01] Starting meta-chat database backup...
[2025-11-18 02:00:02] Backup completed successfully: /home/admin/backups/meta-chat/metachat_20251118_020001.sql.gz (245580 bytes)
[2025-11-18 02:00:02] Cleaning up backups older than 30 days...
[2025-11-18 02:00:02] Remaining backups: 27
[2025-11-18 02:00:02] Metrics exported to /var/lib/node_exporter/textfile_collector/backup_metachat.prom
[2025-11-18 02:00:02] Backup process completed.
[2025-11-19 02:00:01] Starting meta-chat database backup...
[2025-11-19 02:00:02] Backup completed successfully: /home/admin/backups/meta-chat/metachat_20251119_020001.sql.gz (711344 bytes)
[2025-11-19 02:00:02] Cleaning up backups older than 30 days...
[2025-11-19 02:00:02] Remaining backups: 28
[2025-11-19 02:00:02] Metrics exported to /var/lib/node_exporter/textfile_collector/backup_metachat.prom
[2025-11-19 02:00:02] Backup process completed.
[2025-11-20 02:00:01] Starting meta-chat database backup...
[2025-11-20 02:00:03] Backup completed successfully: /home/admin/backups/meta-chat/metachat_20251120_020001.sql.gz (714534 bytes)
[2025-11-20 02:00:03] Cleaning up backups older than 30 days...
[2025-11-20 02:00:03] Remaining backups: 28
[2025-11-20 02:00:03] Metrics exported to /var/lib/node_exporter/textfile_collector/backup_metachat.prom
[2025-11-20 02:00:03] Backup process completed.
[2025-11-21 02:00:01] Starting meta-chat database backup...
[2025-11-21 02:00:02] Backup completed successfully: /home/admin/backups/meta-chat/metachat_20251121_020001.sql.gz (714871 bytes)
[2025-11-21 02:00:02] Cleaning up backups older than 30 days...
[2025-11-21 02:00:02] Remaining backups: 29
[2025-11-21 02:00:02] Metrics exported to /var/lib/node_exporter/textfile_collector/backup_metachat.prom
[2025-11-21 02:00:02] Backup process completed.
[2025-11-22 02:00:01] Starting meta-chat database backup...
[2025-11-22 02:00:02] Backup completed successfully: /home/admin/backups/meta-chat/metachat_20251122_020001.sql.gz (717165 bytes)
[2025-11-22 02:00:02] Cleaning up backups older than 30 days...
[2025-11-22 02:00:02] Remaining backups: 30
[2025-11-22 02:00:02] Metrics exported to /var/lib/node_exporter/textfile_collector/backup_metachat.prom
[2025-11-22 02:00:02] Backup process completed.
[2025-11-23 02:00:01] Starting meta-chat database backup...
[2025-11-23 02:00:01] Backup completed successfully: /home/admin/backups/meta-chat/metachat_20251123_020001.sql.gz (718108 bytes)
[2025-11-23 02:00:01] Cleaning up backups older than 30 days...
[2025-11-23 02:00:01] Remaining backups: 31
[2025-11-23 02:00:01] Metrics exported to /var/lib/node_exporter/textfile_collector/backup_metachat.prom
[2025-11-23 02:00:01] Backup process completed.
[2025-11-24 02:00:01] Starting meta-chat database backup...
[2025-11-24 02:00:02] Backup completed successfully: /home/admin/backups/meta-chat/metachat_20251124_020001.sql.gz (720284 bytes)
[2025-11-24 02:00:02] Cleaning up backups older than 30 days...
[2025-11-24 02:00:02] Remaining backups: 32
[2025-11-24 02:00:02] Metrics exported to /var/lib/node_exporter/textfile_collector/backup_metachat.prom
[2025-11-24 02:00:02] Backup process completed.
[2025-11-25 02:00:01] Starting meta-chat database backup...
[2025-11-25 02:00:02] Backup completed successfully: /home/admin/backups/meta-chat/metachat_20251125_020001.sql.gz (720281 bytes)
[2025-11-25 02:00:02] Cleaning up backups older than 30 days...
[2025-11-25 02:00:02] Remaining backups: 31
[2025-11-25 02:00:02] Metrics exported to /var/lib/node_exporter/textfile_collector/backup_metachat.prom
[2025-11-25 02:00:02] Backup process completed.
[2025-11-26 02:00:01] Starting meta-chat database backup...
[2025-11-26 02:00:01] Backup completed successfully: /home/admin/backups/meta-chat/metachat_20251126_020001.sql.gz (727588 bytes)
[2025-11-26 02:00:01] Cleaning up backups older than 30 days...
[2025-11-26 02:00:01] Remaining backups: 31
[2025-11-26 02:00:01] Metrics exported to /var/lib/node_exporter/textfile_collector/backup_metachat.prom
[2025-11-26 02:00:01] Backup process completed.
[2025-11-27 02:00:01] Starting meta-chat database backup...
[2025-11-27 02:00:02] Backup completed successfully: /home/admin/backups/meta-chat/metachat_20251127_020001.sql.gz (730774 bytes)
[2025-11-27 02:00:02] Cleaning up backups older than 30 days...
[2025-11-27 02:00:02] Remaining backups: 31
[2025-11-27 02:00:02] Metrics exported to /var/lib/node_exporter/textfile_collector/backup_metachat.prom
[2025-11-27 02:00:02] Backup process completed.
[2025-11-28 02:00:01] Starting meta-chat database backup...
[2025-11-28 02:00:01] Backup completed successfully: /home/admin/backups/meta-chat/metachat_20251128_020001.sql.gz (730776 bytes)
[2025-11-28 02:00:01] Cleaning up backups older than 30 days...
[2025-11-28 02:00:01] Remaining backups: 32
[2025-11-28 02:00:02] Metrics exported to /var/lib/node_exporter/textfile_collector/backup_metachat.prom
[2025-11-28 02:00:02] Backup process completed.
[2025-11-29 02:00:01] Starting meta-chat database backup...
[2025-11-29 02:00:02] Backup completed successfully: /home/admin/backups/meta-chat/metachat_20251129_020001.sql.gz (730777 bytes)
[2025-11-29 02:00:02] Cleaning up backups older than 30 days...
[2025-11-29 02:00:02] Remaining backups: 31
[2025-11-29 02:00:02] Metrics exported to /var/lib/node_exporter/textfile_collector/backup_metachat.prom
[2025-11-29 02:00:02] Backup process completed.
[2025-11-30 02:00:01] Starting meta-chat database backup...
[2025-11-30 02:00:02] Backup completed successfully: /home/admin/backups/meta-chat/metachat_20251130_020001.sql.gz (730780 bytes)
[2025-11-30 02:00:02] Cleaning up backups older than 30 days...
[2025-11-30 02:00:02] Remaining backups: 31
[2025-11-30 02:00:02] Metrics exported to /var/lib/node_exporter/textfile_collector/backup_metachat.prom
[2025-11-30 02:00:02] Backup process completed.
[2025-12-01 02:00:01] Starting meta-chat database backup...
[2025-12-01 02:00:01] Backup completed successfully: /home/admin/backups/meta-chat/metachat_20251201_020001.sql.gz (730782 bytes)
[2025-12-01 02:00:01] Cleaning up backups older than 30 days...
[2025-12-01 02:00:01] Remaining backups: 32
[2025-12-01 02:00:01] Metrics exported to /var/lib/node_exporter/textfile_collector/backup_metachat.prom
[2025-12-01 02:00:01] Backup process completed.
[2025-12-02 02:00:01] Starting meta-chat database backup...
[2025-12-02 02:00:02] Backup completed successfully: /home/admin/backups/meta-chat/metachat_20251202_020001.sql.gz (730780 bytes)
[2025-12-02 02:00:02] Cleaning up backups older than 30 days...
[2025-12-02 02:00:02] Remaining backups: 31
[2025-12-02 02:00:02] Metrics exported to /var/lib/node_exporter/textfile_collector/backup_metachat.prom
[2025-12-02 02:00:02] Backup process completed.
[2025-12-03 02:00:01] Starting meta-chat database backup...
[2025-12-03 02:00:01] Backup completed successfully: /home/admin/backups/meta-chat/metachat_20251203_020001.sql.gz (731649 bytes)
[2025-12-03 02:00:01] Cleaning up backups older than 30 days...
[2025-12-03 02:00:01] Remaining backups: 31
[2025-12-03 02:00:01] Metrics exported to /var/lib/node_exporter/textfile_collector/backup_metachat.prom
[2025-12-03 02:00:01] Backup process completed.
[2025-12-04 02:00:01] Starting meta-chat database backup...
[2025-12-04 02:00:02] Backup completed successfully: /home/admin/backups/meta-chat/metachat_20251204_020001.sql.gz (731970 bytes)
[2025-12-04 02:00:02] Cleaning up backups older than 30 days...
[2025-12-04 02:00:02] Remaining backups: 31
[2025-12-04 02:00:02] Metrics exported to /var/lib/node_exporter/textfile_collector/backup_metachat.prom
[2025-12-04 02:00:02] Backup process completed.
[2025-12-05 02:00:01] Starting meta-chat database backup...
[2025-12-05 02:00:02] Backup completed successfully: /home/admin/backups/meta-chat/metachat_20251205_020001.sql.gz (734411 bytes)
[2025-12-05 02:00:02] Cleaning up backups older than 30 days...
[2025-12-05 02:00:02] Remaining backups: 31
[2025-12-05 02:00:02] Metrics exported to /var/lib/node_exporter/textfile_collector/backup_metachat.prom
[2025-12-05 02:00:02] Backup process completed.
[2025-12-06 02:00:01] Starting meta-chat database backup...
[2025-12-06 02:00:02] Backup completed successfully: /home/admin/backups/meta-chat/metachat_20251206_020001.sql.gz (734411 bytes)
[2025-12-06 02:00:02] Cleaning up backups older than 30 days...
[2025-12-06 02:00:02] Remaining backups: 31
[2025-12-06 02:00:02] Metrics exported to /var/lib/node_exporter/textfile_collector/backup_metachat.prom
[2025-12-06 02:00:02] Backup process completed.
[2025-12-07 02:00:01] Starting meta-chat database backup...
[2025-12-07 02:00:02] Backup completed successfully: /home/admin/backups/meta-chat/metachat_20251207_020001.sql.gz (734408 bytes)
[2025-12-07 02:00:02] Cleaning up backups older than 30 days...
[2025-12-07 02:00:02] Remaining backups: 31
[2025-12-07 02:00:02] Metrics exported to /var/lib/node_exporter/textfile_collector/backup_metachat.prom
[2025-12-07 02:00:02] Backup process completed.
[2025-12-08 02:00:01] Starting meta-chat database backup...
[2025-12-08 02:00:02] Backup completed successfully: /home/admin/backups/meta-chat/metachat_20251208_020001.sql.gz (734416 bytes)
[2025-12-08 02:00:02] Cleaning up backups older than 30 days...
[2025-12-08 02:00:02] Remaining backups: 31
[2025-12-08 02:00:02] Metrics exported to /var/lib/node_exporter/textfile_collector/backup_metachat.prom
[2025-12-08 02:00:02] Backup process completed.
[2025-12-09 02:00:01] Starting meta-chat database backup...
[2025-12-09 02:00:02] Backup completed successfully: /home/admin/backups/meta-chat/metachat_20251209_020001.sql.gz (734412 bytes)
[2025-12-09 02:00:02] Cleaning up backups older than 30 days...
[2025-12-09 02:00:02] Remaining backups: 31
[2025-12-09 02:00:02] Metrics exported to /var/lib/node_exporter/textfile_collector/backup_metachat.prom
[2025-12-09 02:00:02] Backup process completed.
[2025-12-10 02:00:01] Starting meta-chat database backup...
[2025-12-10 02:00:02] Backup completed successfully: /home/admin/backups/meta-chat/metachat_20251210_020001.sql.gz (734407 bytes)
[2025-12-10 02:00:02] Cleaning up backups older than 30 days...
[2025-12-10 02:00:02] Remaining backups: 31
[2025-12-10 02:00:02] Metrics exported to /var/lib/node_exporter/textfile_collector/backup_metachat.prom
[2025-12-10 02:00:02] Backup process completed.
[2025-12-11 02:00:01] Starting meta-chat database backup...
[2025-12-11 02:00:02] Backup completed successfully: /home/admin/backups/meta-chat/metachat_20251211_020001.sql.gz (734409 bytes)
[2025-12-11 02:00:02] Cleaning up backups older than 30 days...
[2025-12-11 02:00:02] Remaining backups: 31
[2025-12-11 02:00:02] Metrics exported to /var/lib/node_exporter/textfile_collector/backup_metachat.prom
[2025-12-11 02:00:02] Backup process completed.
[2025-12-12 02:00:01] Starting meta-chat database backup...
[2025-12-12 02:00:01] Backup completed successfully: /home/admin/backups/meta-chat/metachat_20251212_020001.sql.gz (734413 bytes)
[2025-12-12 02:00:01] Cleaning up backups older than 30 days...
[2025-12-12 02:00:01] Remaining backups: 32
[2025-12-12 02:00:01] Metrics exported to /var/lib/node_exporter/textfile_collector/backup_metachat.prom
[2025-12-12 02:00:01] Backup process completed.
[2025-12-13 02:00:01] Starting meta-chat database backup...
[2025-12-13 02:00:01] Backup completed successfully: /home/admin/backups/meta-chat/metachat_20251213_020001.sql.gz (734410 bytes)
[2025-12-13 02:00:01] Cleaning up backups older than 30 days...
[2025-12-13 02:00:01] Remaining backups: 31
[2025-12-13 02:00:01] Metrics exported to /var/lib/node_exporter/textfile_collector/backup_metachat.prom
[2025-12-13 02:00:01] Backup process completed.
[2025-12-14 02:00:01] Starting meta-chat database backup...
[2025-12-14 02:00:01] Backup completed successfully: /home/admin/backups/meta-chat/metachat_20251214_020001.sql.gz (734408 bytes)
[2025-12-14 02:00:01] Cleaning up backups older than 30 days...
[2025-12-14 02:00:01] Remaining backups: 32
[2025-12-14 02:00:01] Metrics exported to /var/lib/node_exporter/textfile_collector/backup_metachat.prom
[2025-12-14 02:00:01] Backup process completed.
[2025-12-15 02:00:01] Starting meta-chat database backup...
[2025-12-15 02:00:01] Backup completed successfully: /home/admin/backups/meta-chat/metachat_20251215_020001.sql.gz (734409 bytes)
[2025-12-15 02:00:01] Cleaning up backups older than 30 days...
[2025-12-15 02:00:01] Remaining backups: 32
[2025-12-15 02:00:01] Metrics exported to /var/lib/node_exporter/textfile_collector/backup_metachat.prom
[2025-12-15 02:00:01] Backup process completed.
[2025-12-16 02:00:01] Starting meta-chat database backup...
[2025-12-16 02:00:02] Backup completed successfully: /home/admin/backups/meta-chat/metachat_20251216_020001.sql.gz (734410 bytes)
[2025-12-16 02:00:02] Cleaning up backups older than 30 days...
[2025-12-16 02:00:02] Remaining backups: 31
[2025-12-16 02:00:02] Metrics exported to /var/lib/node_exporter/textfile_collector/backup_metachat.prom
[2025-12-16 02:00:02] Backup process completed.
[2025-12-17 02:00:01] Starting meta-chat database backup...
[2025-12-17 02:00:02] Backup completed successfully: /home/admin/backups/meta-chat/metachat_20251217_020001.sql.gz (734409 bytes)
[2025-12-17 02:00:02] Cleaning up backups older than 30 days...
[2025-12-17 02:00:02] Remaining backups: 31
[2025-12-17 02:00:02] Metrics exported to /var/lib/node_exporter/textfile_collector/backup_metachat.prom
[2025-12-17 02:00:02] Backup process completed.
[2025-12-18 02:00:01] Starting meta-chat database backup...
[2025-12-18 02:00:02] Backup completed successfully: /home/admin/backups/meta-chat/metachat_20251218_020001.sql.gz (734412 bytes)
[2025-12-18 02:00:02] Cleaning up backups older than 30 days...
[2025-12-18 02:00:02] Remaining backups: 32
[2025-12-18 02:00:02] Metrics exported to /var/lib/node_exporter/textfile_collector/backup_metachat.prom
[2025-12-18 02:00:02] Backup process completed.
[2025-12-19 02:00:01] Starting meta-chat database backup...
[2025-12-19 02:00:01] Backup completed successfully: /home/admin/backups/meta-chat/metachat_20251219_020001.sql.gz (734405 bytes)
[2025-12-19 02:00:01] Cleaning up backups older than 30 days...
[2025-12-19 02:00:01] Remaining backups: 32
[2025-12-19 02:00:01] Metrics exported to /var/lib/node_exporter/textfile_collector/backup_metachat.prom
[2025-12-19 02:00:01] Backup process completed.
[2025-12-20 02:00:01] Starting meta-chat database backup...
[2025-12-20 02:00:01] Backup completed successfully: /home/admin/backups/meta-chat/metachat_20251220_020001.sql.gz (734412 bytes)
[2025-12-20 02:00:01] Cleaning up backups older than 30 days...
[2025-12-20 02:00:02] Remaining backups: 32
[2025-12-20 02:00:02] Metrics exported to /var/lib/node_exporter/textfile_collector/backup_metachat.prom
[2025-12-20 02:00:02] Backup process completed.
[2025-12-21 02:00:01] Starting meta-chat database backup...
[2025-12-21 02:00:02] Backup completed successfully: /home/admin/backups/meta-chat/metachat_20251221_020001.sql.gz (734411 bytes)
[2025-12-21 02:00:02] Cleaning up backups older than 30 days...
[2025-12-21 02:00:02] Remaining backups: 32
[2025-12-21 02:00:02] Metrics exported to /var/lib/node_exporter/textfile_collector/backup_metachat.prom
[2025-12-21 02:00:02] Backup process completed.
[2025-12-22 02:00:01] Starting meta-chat database backup...
[2025-12-22 02:00:02] Backup completed successfully: /home/admin/backups/meta-chat/metachat_20251222_020001.sql.gz (734415 bytes)
[2025-12-22 02:00:02] Cleaning up backups older than 30 days...
[2025-12-22 02:00:02] Remaining backups: 31
[2025-12-22 02:00:02] Metrics exported to /var/lib/node_exporter/textfile_collector/backup_metachat.prom
[2025-12-22 02:00:02] Backup process completed.
[2025-12-23 02:00:01] Starting meta-chat database backup...
[2025-12-23 02:00:02] Backup completed successfully: /home/admin/backups/meta-chat/metachat_20251223_020001.sql.gz (734409 bytes)
[2025-12-23 02:00:02] Cleaning up backups older than 30 days...
[2025-12-23 02:00:02] Remaining backups: 32
[2025-12-23 02:00:02] Metrics exported to /var/lib/node_exporter/textfile_collector/backup_metachat.prom
[2025-12-23 02:00:02] Backup process completed.
[2025-12-24 02:00:01] Starting meta-chat database backup...
[2025-12-24 02:00:02] Backup completed successfully: /home/admin/backups/meta-chat/metachat_20251224_020001.sql.gz (734407 bytes)
[2025-12-24 02:00:02] Cleaning up backups older than 30 days...
[2025-12-24 02:00:02] Remaining backups: 31
[2025-12-24 02:00:02] Metrics exported to /var/lib/node_exporter/textfile_collector/backup_metachat.prom
[2025-12-24 02:00:02] Backup process completed.
[2025-12-25 02:00:01] Starting meta-chat database backup...
[2025-12-25 02:00:02] Backup completed successfully: /home/admin/backups/meta-chat/metachat_20251225_020001.sql.gz (734413 bytes)
[2025-12-25 02:00:02] Cleaning up backups older than 30 days...
[2025-12-25 02:00:02] Remaining backups: 32
[2025-12-25 02:00:02] Metrics exported to /var/lib/node_exporter/textfile_collector/backup_metachat.prom
[2025-12-25 02:00:02] Backup process completed.
[2025-12-26 02:00:01] Starting meta-chat database backup...
[2025-12-26 02:00:02] Backup completed successfully: /home/admin/backups/meta-chat/metachat_20251226_020001.sql.gz (734412 bytes)
[2025-12-26 02:00:02] Cleaning up backups older than 30 days...
[2025-12-26 02:00:02] Remaining backups: 32
[2025-12-26 02:00:02] Metrics exported to /var/lib/node_exporter/textfile_collector/backup_metachat.prom
[2025-12-26 02:00:02] Backup process completed.
[2025-12-27 02:00:01] Starting meta-chat database backup...
[2025-12-27 02:00:02] Backup completed successfully: /home/admin/backups/meta-chat/metachat_20251227_020001.sql.gz (734414 bytes)
[2025-12-27 02:00:02] Cleaning up backups older than 30 days...
[2025-12-27 02:00:02] Remaining backups: 31
[2025-12-27 02:00:02] Metrics exported to /var/lib/node_exporter/textfile_collector/backup_metachat.prom
[2025-12-27 02:00:02] Backup process completed.
[2025-12-28 02:00:01] Starting meta-chat database backup...
[2025-12-28 02:00:01] Backup completed successfully: /home/admin/backups/meta-chat/metachat_20251228_020001.sql.gz (734406 bytes)
[2025-12-28 02:00:01] Cleaning up backups older than 30 days...
[2025-12-28 02:00:01] Remaining backups: 32
[2025-12-28 02:00:01] Metrics exported to /var/lib/node_exporter/textfile_collector/backup_metachat.prom
[2025-12-28 02:00:01] Backup process completed.
[2025-12-29 02:00:01] Starting meta-chat database backup...
[2025-12-29 02:00:02] Backup completed successfully: /home/admin/backups/meta-chat/metachat_20251229_020001.sql.gz (734412 bytes)
[2025-12-29 02:00:02] Cleaning up backups older than 30 days...
[2025-12-29 02:00:02] Remaining backups: 31
[2025-12-29 02:00:02] Metrics exported to /var/lib/node_exporter/textfile_collector/backup_metachat.prom
[2025-12-29 02:00:02] Backup process completed.
[2025-12-30 02:00:01] Starting meta-chat database backup...
[2025-12-30 02:00:01] Backup completed successfully: /home/admin/backups/meta-chat/metachat_20251230_020001.sql.gz (734409 bytes)
[2025-12-30 02:00:02] Cleaning up backups older than 30 days...
[2025-12-30 02:00:02] Remaining backups: 32
[2025-12-30 02:00:02] Metrics exported to /var/lib/node_exporter/textfile_collector/backup_metachat.prom
[2025-12-30 02:00:02] Backup process completed.
[2025-12-31 02:00:01] Starting meta-chat database backup...
[2025-12-31 02:00:02] Backup completed successfully: /home/admin/backups/meta-chat/metachat_20251231_020001.sql.gz (734410 bytes)
[2025-12-31 02:00:02] Cleaning up backups older than 30 days...
[2025-12-31 02:00:02] Remaining backups: 31
[2025-12-31 02:00:02] Metrics exported to /var/lib/node_exporter/textfile_collector/backup_metachat.prom
[2025-12-31 02:00:02] Backup process completed.
[2026-01-01 02:00:01] Starting meta-chat database backup...
[2026-01-01 02:00:01] Backup completed successfully: /home/admin/backups/meta-chat/metachat_20260101_020001.sql.gz (734416 bytes)
[2026-01-01 02:00:01] Cleaning up backups older than 30 days...
[2026-01-01 02:00:01] Remaining backups: 32
[2026-01-01 02:00:01] Metrics exported to /var/lib/node_exporter/textfile_collector/backup_metachat.prom
[2026-01-01 02:00:01] Backup process completed.
[2026-01-02 02:00:01] Starting meta-chat database backup...
[2026-01-02 02:00:02] Backup completed successfully: /home/admin/backups/meta-chat/metachat_20260102_020001.sql.gz (734411 bytes)
[2026-01-02 02:00:02] Cleaning up backups older than 30 days...
[2026-01-02 02:00:02] Remaining backups: 31
[2026-01-02 02:00:02] Metrics exported to /var/lib/node_exporter/textfile_collector/backup_metachat.prom
[2026-01-02 02:00:02] Backup process completed.
[2026-01-03 02:00:01] Starting meta-chat database backup...
[2026-01-03 02:00:02] Backup completed successfully: /home/admin/backups/meta-chat/metachat_20260103_020001.sql.gz (734416 bytes)
[2026-01-03 02:00:02] Cleaning up backups older than 30 days...
[2026-01-03 02:00:02] Remaining backups: 31
[2026-01-03 02:00:02] Metrics exported to /var/lib/node_exporter/textfile_collector/backup_metachat.prom
[2026-01-03 02:00:02] Backup process completed.
[2026-01-04 02:00:01] Starting meta-chat database backup...
[2026-01-04 02:00:01] Backup completed successfully: /home/admin/backups/meta-chat/metachat_20260104_020001.sql.gz (734409 bytes)
[2026-01-04 02:00:01] Cleaning up backups older than 30 days...
[2026-01-04 02:00:01] Remaining backups: 32
[2026-01-04 02:00:01] Metrics exported to /var/lib/node_exporter/textfile_collector/backup_metachat.prom
[2026-01-04 02:00:01] Backup process completed.
[2026-01-05 02:00:01] Starting meta-chat database backup...
[2026-01-05 02:00:02] Backup completed successfully: /home/admin/backups/meta-chat/metachat_20260105_020001.sql.gz (734413 bytes)
[2026-01-05 02:00:02] Cleaning up backups older than 30 days...
[2026-01-05 02:00:02] Remaining backups: 32
[2026-01-05 02:00:02] Metrics exported to /var/lib/node_exporter/textfile_collector/backup_metachat.prom
[2026-01-05 02:00:02] Backup process completed.
[2026-01-06 02:00:01] Starting meta-chat database backup...
[2026-01-06 02:00:01] Backup completed successfully: /home/admin/backups/meta-chat/metachat_20260106_020001.sql.gz (734408 bytes)
[2026-01-06 02:00:01] Cleaning up backups older than 30 days...
[2026-01-06 02:00:02] Remaining backups: 32
[2026-01-06 02:00:02] Metrics exported to /var/lib/node_exporter/textfile_collector/backup_metachat.prom
[2026-01-06 02:00:02] Backup process completed.
[2026-01-07 02:00:01] Starting meta-chat database backup...
[2026-01-07 02:00:02] Backup completed successfully: /home/admin/backups/meta-chat/metachat_20260107_020001.sql.gz (734410 bytes)
[2026-01-07 02:00:02] Cleaning up backups older than 30 days...
[2026-01-07 02:00:02] Remaining backups: 32
[2026-01-07 02:00:02] Metrics exported to /var/lib/node_exporter/textfile_collector/backup_metachat.prom
[2026-01-07 02:00:02] Backup process completed.
[2026-01-08 02:00:01] Starting meta-chat database backup...
[2026-01-08 02:00:02] Backup completed successfully: /home/admin/backups/meta-chat/metachat_20260108_020001.sql.gz (734404 bytes)
[2026-01-08 02:00:02] Cleaning up backups older than 30 days...
[2026-01-08 02:00:02] Remaining backups: 32
[2026-01-08 02:00:02] Metrics exported to /var/lib/node_exporter/textfile_collector/backup_metachat.prom
[2026-01-08 02:00:02] Backup process completed.
[2026-01-09 02:00:01] Starting meta-chat database backup...
[2026-01-09 02:00:02] Backup completed successfully: /home/admin/backups/meta-chat/metachat_20260109_020001.sql.gz (734406 bytes)
[2026-01-09 02:00:02] Cleaning up backups older than 30 days...
[2026-01-09 02:00:02] Remaining backups: 32
[2026-01-09 02:00:02] Metrics exported to /var/lib/node_exporter/textfile_collector/backup_metachat.prom
[2026-01-09 02:00:02] Backup process completed.
[2026-01-10 02:00:01] Starting meta-chat database backup...
[2026-01-10 02:00:02] Backup completed successfully: /home/admin/backups/meta-chat/metachat_20260110_020001.sql.gz (734411 bytes)
[2026-01-10 02:00:02] Cleaning up backups older than 30 days...
[2026-01-10 02:00:02] Remaining backups: 31
[2026-01-10 02:00:02] Metrics exported to /var/lib/node_exporter/textfile_collector/backup_metachat.prom
[2026-01-10 02:00:02] Backup process completed.
[2026-01-11 02:00:01] Starting meta-chat database backup...
[2026-01-11 02:00:02] Backup completed successfully: /home/admin/backups/meta-chat/metachat_20260111_020001.sql.gz (734411 bytes)
[2026-01-11 02:00:02] Cleaning up backups older than 30 days...
[2026-01-11 02:00:02] Remaining backups: 32
[2026-01-11 02:00:02] Metrics exported to /var/lib/node_exporter/textfile_collector/backup_metachat.prom
[2026-01-11 02:00:02] Backup process completed.
[2026-01-12 02:00:01] Starting meta-chat database backup...
[2026-01-12 02:00:02] Backup completed successfully: /home/admin/backups/meta-chat/metachat_20260112_020001.sql.gz (734408 bytes)
[2026-01-12 02:00:02] Cleaning up backups older than 30 days...
[2026-01-12 02:00:02] Remaining backups: 31
[2026-01-12 02:00:02] Metrics exported to /var/lib/node_exporter/textfile_collector/backup_metachat.prom
[2026-01-12 02:00:02] Backup process completed.
[2026-01-13 02:00:01] Starting meta-chat database backup...
[2026-01-13 02:00:01] ERROR: Backup failed!
[2026-01-13 02:00:01] Cleaning up backups older than 30 days...
[2026-01-13 02:00:01] Remaining backups: 32
[2026-01-13 02:00:01] Metrics exported to /var/lib/node_exporter/textfile_collector/backup_metachat.prom
[2026-01-13 02:00:01] Backup process completed.
[2026-01-14 02:00:01] Starting meta-chat database backup...
[2026-01-14 02:00:01] ERROR: Backup failed!
[2026-01-14 02:00:01] Cleaning up backups older than 30 days...
[2026-01-14 02:00:01] Remaining backups: 31
[2026-01-14 02:00:02] Metrics exported to /var/lib/node_exporter/textfile_collector/backup_metachat.prom
[2026-01-14 02:00:02] Backup process completed.
[2026-01-15 02:00:01] Starting meta-chat database backup...
[2026-01-15 02:00:01] ERROR: Backup failed!
[2026-01-15 02:00:01] Cleaning up backups older than 30 days...
[2026-01-15 02:00:01] Remaining backups: 32
[2026-01-15 02:00:01] Metrics exported to /var/lib/node_exporter/textfile_collector/backup_metachat.prom
[2026-01-15 02:00:01] Backup process completed.
[2026-01-16 02:00:02] Starting meta-chat database backup...
[2026-01-16 02:00:02] ERROR: Backup failed!
[2026-01-16 02:00:02] Cleaning up backups older than 30 days...
[2026-01-16 02:00:02] Remaining backups: 32
[2026-01-16 02:00:02] Metrics exported to /var/lib/node_exporter/textfile_collector/backup_metachat.prom
[2026-01-16 02:00:02] Backup process completed.
[2026-01-17 02:00:01] Starting meta-chat database backup...
[2026-01-17 02:00:01] ERROR: Backup failed!
[2026-01-17 02:00:01] Cleaning up backups older than 30 days...
[2026-01-17 02:00:01] Remaining backups: 32
[2026-01-17 02:00:01] Metrics exported to /var/lib/node_exporter/textfile_collector/backup_metachat.prom
[2026-01-17 02:00:01] Backup process completed.
